Forming a connection to 
Error: No BLE device found! Make sure OBD is turned on.
OBD2 connection attempt 0
Forming a connection to 
Error: No BLE device found! Make sure OBD is turned on.
OBD2 connection attempt 1
Forming a connection to 
Error: No BLE device found! Make sure OBD is turned on.
OBD2 connection attempt 2
Forming a connection to 
Error: No BLE device found! Make sure OBD is turned on.
OBD2 connection attempt 3
Forming a connection to 
Error: No BLE device found! Make sure OBD is turned on.
Failed to connect to OBD2 device after retries
Timezone re-configured after WiFi connection
Web server started at http://10.87.1.107
Select Device pressed
Scanning for BLE devices...
Starting BLE scan for 8 seconds...
Scan complete. Found 17 devices total
Device 0: Name='' Address=1b:dd:c6:75:5d:81 RSSI=-90
  -> Skipped (no name)
Device 1: Name='' Address=20:15:de:41:b9:a7 RSSI=-91
  -> Skipped (no name)
Device 2: Name='' Address=2c:3e:fb:b7:45:34 RSSI=-62
  -> Skipped (no name)
Device 3: Name='' Address=2e:da:c4:3f:eb:a1 RSSI=-8
  -> Skipped (no name)
Device 4: Name='' Address=38:ca:84:1c:75:97 RSSI=-89
  -> Skipped (no name)
Device 5: Name='' Address=41:c6:30:b8:24:1d RSSI=-90
  -> Skipped (no name)
Device 6: Name='' Address=50:98:93:4a:f3:f6 RSSI=-87
  -> Skipped (no name)
Device 7: Name='SHIELD' Address=51:e0:7f:f0:1f:e9 RSSI=-88
  -> Added to list as #0
Device 8: Name='' Address=77:8f:cf:a4:e5:5b RSSI=-86
  -> Skipped (no name)
Device 9: Name='' Address=7a:bc:00:87:6f:65 RSSI=-86
  -> Skipped (no name)
Device 10: Name='WB837690' Address=94:34:69:05:13:7c RSSI=-76
  -> Added to list as #1
Device 11: Name='' Address=c4:f7:c1:44:01:9b RSSI=-88
  -> Skipped (no name)
Device 12: Name='' Address=c7:20:9c:00:e0:1c RSSI=-87
  -> Skipped (no name)
Device 13: Name='ihoment_H5083_B374' Address=d0:c9:07:22:b3:74 RSSI=-77
  -> Added to list as #2
Device 14: Name='ihoment_H5083_E29B' Address=d0:c9:07:22:e2:9b RSSI=-76
  -> Added to list as #3
Device 15: Name='T_CL2335BC21304' Address=d8:bc:38:2b:97:56 RSSI=-90
  -> Added to list as #4
Device 16: Name='' Address=f9:f6:1c:7d:0a:2d RSSI=-89
  -> Skipped (no name)
Scan complete. Found 5 named devices.
Back from device selection
