WiFi connected in: 10.00 secs
IP address: 10.87.1.107
...Connection to OBDII...
Forming a connection to 
Error: No BLE device found! Make sure OBD is turned on.
OBD2 connection attempt 0
Forming a connection to 
Error: No BLE device found! Make sure OBD is turned on.
OBD2 connection attempt 1
Forming a connection to 
Error: No BLE device found! Make sure OBD is turned on.
OBD2 connection attempt 2
Forming a connection to 
Error: No BLE device found! Make sure OBD is turned on.
OBD2 connection attempt 3
Forming a connection to 
Error: No BLE device found! Make sure OBD is turned on.
Failed to connect to OBD2 device after retries
Timezone re-configured after WiFi connection
Web server started at http://10.87.1.107
Select Device pressed
Scanning for BLE devices...
Starting BLE scan for 8 seconds...
