...Connection to OBDII...
Scanning for device... 4 seconds remaining
Scanning for device... 3 seconds remaining
Scanning for device... 2 seconds remaining
Scanning for device... 1 seconds remaining
Device not found
OBD2 connection attempt 1 (RSSI: 0)
Forming a connection to 
Error: No BLE device found! Make sure OBD is turned on.
OBD2 connection attempt 2 (RSSI: 0)
Forming a connection to 
Error: No BLE device found! Make sure OBD is turned on.
OBD2 connection attempt 3 (RSSI: 0)
Forming a connection to 
Error: No BLE device found! Make sure OBD is turned on.
OBD2 connection attempt 4 (RSSI: 0)
Forming a connection to 
Error: No BLE device found! Make sure OBD is turned on.
Failed to connect to OBD2 device after retries
Timezone re-configured after WiFi connection
Web server started at http://10.138.216.107
